{
	"C:\\Users\\Reelin\\Documents\\GitHub\\fullstackopen-course\\part5\\bloglist-frontend\\src\\App.jsx": {
		"path": "C:\\Users\\Reelin\\Documents\\GitHub\\fullstackopen-course\\part5\\bloglist-frontend\\src\\App.jsx",
		"all": true,
		"statementMap": {
			"0": {
				"start": { "line": 1, "column": 0 },
				"end": { "line": 1, "column": 58 }
			},
			"1": {
				"start": { "line": 2, "column": 0 },
				"end": { "line": 2, "column": 36 }
			},
			"2": {
				"start": { "line": 3, "column": 0 },
				"end": { "line": 3, "column": 48 }
			},
			"3": {
				"start": { "line": 4, "column": 0 },
				"end": { "line": 4, "column": 38 }
			},
			"4": {
				"start": { "line": 5, "column": 0 },
				"end": { "line": 5, "column": 46 }
			},
			"5": {
				"start": { "line": 6, "column": 0 },
				"end": { "line": 6, "column": 42 }
			},
			"6": {
				"start": { "line": 7, "column": 0 },
				"end": { "line": 7, "column": 52 }
			},
			"7": {
				"start": { "line": 8, "column": 0 },
				"end": { "line": 8, "column": 48 }
			},
			"9": {
				"start": { "line": 10, "column": 0 },
				"end": { "line": 10, "column": 19 }
			},
			"10": {
				"start": { "line": 11, "column": 0 },
				"end": { "line": 11, "column": 40 }
			},
			"11": {
				"start": { "line": 12, "column": 0 },
				"end": { "line": 12, "column": 40 }
			},
			"12": {
				"start": { "line": 13, "column": 0 },
				"end": { "line": 13, "column": 46 }
			},
			"14": {
				"start": { "line": 15, "column": 0 },
				"end": { "line": 15, "column": 30 }
			},
			"15": {
				"start": { "line": 16, "column": 0 },
				"end": { "line": 16, "column": 29 }
			},
			"17": {
				"start": { "line": 18, "column": 0 },
				"end": { "line": 18, "column": 19 }
			},
			"18": {
				"start": { "line": 19, "column": 0 },
				"end": { "line": 19, "column": 38 }
			},
			"19": {
				"start": { "line": 20, "column": 0 },
				"end": { "line": 20, "column": 23 }
			},
			"20": {
				"start": { "line": 21, "column": 0 },
				"end": { "line": 21, "column": 5 }
			},
			"21": {
				"start": { "line": 22, "column": 0 },
				"end": { "line": 22, "column": 8 }
			},
			"23": {
				"start": { "line": 24, "column": 0 },
				"end": { "line": 24, "column": 19 }
			},
			"24": {
				"start": { "line": 25, "column": 0 },
				"end": { "line": 25, "column": 75 }
			},
			"25": {
				"start": { "line": 26, "column": 0 },
				"end": { "line": 26, "column": 25 }
			},
			"26": {
				"start": { "line": 27, "column": 0 },
				"end": { "line": 27, "column": 45 }
			},
			"27": {
				"start": { "line": 28, "column": 0 },
				"end": { "line": 28, "column": 19 }
			},
			"28": {
				"start": { "line": 29, "column": 0 },
				"end": { "line": 29, "column": 38 }
			},
			"29": {
				"start": { "line": 30, "column": 0 },
				"end": { "line": 30, "column": 5 }
			},
			"30": {
				"start": { "line": 31, "column": 0 },
				"end": { "line": 31, "column": 8 }
			},
			"32": {
				"start": { "line": 33, "column": 0 },
				"end": { "line": 33, "column": 32 }
			},
			"33": {
				"start": { "line": 34, "column": 0 },
				"end": { "line": 34, "column": 35 }
			},
			"34": {
				"start": { "line": 35, "column": 0 },
				"end": { "line": 35, "column": 3 }
			},
			"36": {
				"start": { "line": 37, "column": 0 },
				"end": { "line": 37, "column": 30 }
			},
			"37": {
				"start": { "line": 38, "column": 0 },
				"end": { "line": 38, "column": 55 }
			},
			"38": {
				"start": { "line": 39, "column": 0 },
				"end": { "line": 39, "column": 17 }
			},
			"39": {
				"start": { "line": 40, "column": 0 },
				"end": { "line": 40, "column": 3 }
			},
			"41": {
				"start": { "line": 42, "column": 0 },
				"end": { "line": 42, "column": 42 }
			},
			"42": {
				"start": { "line": 43, "column": 0 },
				"end": { "line": 43, "column": 72 }
			},
			"43": {
				"start": { "line": 44, "column": 0 },
				"end": { "line": 44, "column": 36 }
			},
			"44": {
				"start": { "line": 45, "column": 0 },
				"end": { "line": 45, "column": 51 }
			},
			"45": {
				"start": { "line": 46, "column": 0 },
				"end": { "line": 46, "column": 5 }
			},
			"46": {
				"start": { "line": 47, "column": 0 },
				"end": { "line": 47, "column": 3 }
			},
			"48": {
				"start": { "line": 49, "column": 0 },
				"end": { "line": 49, "column": 27 }
			},
			"49": {
				"start": { "line": 50, "column": 0 },
				"end": { "line": 50, "column": 73 }
			},
			"52": {
				"start": { "line": 53, "column": 0 },
				"end": { "line": 53, "column": 26 }
			},
			"53": {
				"start": { "line": 54, "column": 0 },
				"end": { "line": 54, "column": 9 }
			},
			"54": {
				"start": { "line": 55, "column": 0 },
				"end": { "line": 55, "column": 20 }
			},
			"55": {
				"start": { "line": 56, "column": 0 },
				"end": { "line": 56, "column": 39 }
			},
			"56": {
				"start": { "line": 57, "column": 0 },
				"end": { "line": 57, "column": 40 }
			},
			"57": {
				"start": { "line": 58, "column": 0 },
				"end": { "line": 58, "column": 52 }
			},
			"58": {
				"start": { "line": 59, "column": 0 },
				"end": { "line": 59, "column": 18 }
			},
			"59": {
				"start": { "line": 60, "column": 0 },
				"end": { "line": 60, "column": 53 }
			},
			"60": {
				"start": { "line": 61, "column": 0 },
				"end": { "line": 61, "column": 90 }
			},
			"61": {
				"start": { "line": 62, "column": 0 },
				"end": { "line": 62, "column": 18 }
			},
			"63": {
				"start": { "line": 64, "column": 0 },
				"end": { "line": 64, "column": 23 }
			},
			"64": {
				"start": { "line": 65, "column": 0 },
				"end": { "line": 65, "column": 42 }
			},
			"65": {
				"start": { "line": 66, "column": 0 },
				"end": { "line": 66, "column": 22 }
			},
			"66": {
				"start": { "line": 67, "column": 0 },
				"end": { "line": 67, "column": 67 }
			},
			"68": {
				"start": { "line": 69, "column": 0 },
				"end": { "line": 69, "column": 43 }
			},
			"69": {
				"start": { "line": 70, "column": 0 },
				"end": { "line": 70, "column": 57 }
			},
			"70": {
				"start": { "line": 71, "column": 0 },
				"end": { "line": 71, "column": 11 }
			},
			"72": {
				"start": { "line": 73, "column": 0 },
				"end": { "line": 73, "column": 18 }
			},
			"73": {
				"start": { "line": 74, "column": 0 },
				"end": { "line": 74, "column": 48 }
			},
			"74": {
				"start": { "line": 75, "column": 0 },
				"end": { "line": 75, "column": 70 }
			},
			"75": {
				"start": { "line": 76, "column": 0 },
				"end": { "line": 76, "column": 21 }
			},
			"76": {
				"start": { "line": 77, "column": 0 },
				"end": { "line": 77, "column": 29 }
			},
			"77": {
				"start": { "line": 78, "column": 0 },
				"end": { "line": 78, "column": 85 }
			},
			"78": {
				"start": { "line": 79, "column": 0 },
				"end": { "line": 79, "column": 31 }
			},
			"79": {
				"start": { "line": 80, "column": 0 },
				"end": { "line": 80, "column": 37 }
			},
			"80": {
				"start": { "line": 81, "column": 0 },
				"end": { "line": 81, "column": 18 }
			},
			"81": {
				"start": { "line": 82, "column": 0 },
				"end": { "line": 82, "column": 22 }
			},
			"82": {
				"start": { "line": 83, "column": 0 },
				"end": { "line": 83, "column": 31 }
			},
			"83": {
				"start": { "line": 84, "column": 0 },
				"end": { "line": 84, "column": 78 }
			},
			"85": {
				"start": { "line": 86, "column": 0 },
				"end": { "line": 86, "column": 27 }
			},
			"86": {
				"start": { "line": 87, "column": 0 },
				"end": { "line": 87, "column": 18 }
			},
			"88": {
				"start": { "line": 89, "column": 0 },
				"end": { "line": 89, "column": 10 }
			},
			"90": {
				"start": { "line": 91, "column": 0 },
				"end": { "line": 91, "column": 10 }
			},
			"93": {
				"start": { "line": 94, "column": 0 },
				"end": { "line": 94, "column": 10 }
			},
			"94": {
				"start": { "line": 95, "column": 0 },
				"end": { "line": 95, "column": 9 }
			},
			"95": {
				"start": { "line": 96, "column": 0 },
				"end": { "line": 96, "column": 28 }
			},
			"96": {
				"start": { "line": 97, "column": 0 },
				"end": { "line": 97, "column": 26 }
			},
			"97": {
				"start": { "line": 98, "column": 0 },
				"end": { "line": 98, "column": 10 }
			},
			"99": {
				"start": { "line": 100, "column": 0 },
				"end": { "line": 100, "column": 1 }
			},
			"101": {
				"start": { "line": 102, "column": 0 },
				"end": { "line": 102, "column": 18 }
			}
		},
		"s": {
			"0": 0,
			"1": 0,
			"2": 0,
			"3": 0,
			"4": 0,
			"5": 0,
			"6": 0,
			"7": 0,
			"9": 0,
			"10": 0,
			"11": 0,
			"12": 0,
			"14": 0,
			"15": 0,
			"17": 0,
			"18": 0,
			"19": 0,
			"20": 0,
			"21": 0,
			"23": 0,
			"24": 0,
			"25": 0,
			"26": 0,
			"27": 0,
			"28": 0,
			"29": 0,
			"30": 0,
			"32": 0,
			"33": 0,
			"34": 0,
			"36": 0,
			"37": 0,
			"38": 0,
			"39": 0,
			"41": 0,
			"42": 0,
			"43": 0,
			"44": 0,
			"45": 0,
			"46": 0,
			"48": 0,
			"49": 0,
			"52": 0,
			"53": 0,
			"54": 0,
			"55": 0,
			"56": 0,
			"57": 0,
			"58": 0,
			"59": 0,
			"60": 0,
			"61": 0,
			"63": 0,
			"64": 0,
			"65": 0,
			"66": 0,
			"68": 0,
			"69": 0,
			"70": 0,
			"72": 0,
			"73": 0,
			"74": 0,
			"75": 0,
			"76": 0,
			"77": 0,
			"78": 0,
			"79": 0,
			"80": 0,
			"81": 0,
			"82": 0,
			"83": 0,
			"85": 0,
			"86": 0,
			"88": 0,
			"90": 0,
			"93": 0,
			"94": 0,
			"95": 0,
			"96": 0,
			"97": 0,
			"99": 0,
			"101": 0
		},
		"branchMap": {
			"0": {
				"type": "branch",
				"line": 1,
				"loc": {
					"start": { "line": 1, "column": 2814 },
					"end": { "line": 102, "column": 18 }
				},
				"locations": [
					{
						"start": { "line": 1, "column": 2814 },
						"end": { "line": 102, "column": 18 }
					}
				]
			}
		},
		"b": { "0": [0] },
		"fnMap": {
			"0": {
				"name": "(empty-report)",
				"decl": {
					"start": { "line": 1, "column": 2814 },
					"end": { "line": 102, "column": 18 }
				},
				"loc": {
					"start": { "line": 1, "column": 2814 },
					"end": { "line": 102, "column": 18 }
				},
				"line": 1
			}
		},
		"f": { "0": 0 }
	},
	"C:\\Users\\Reelin\\Documents\\GitHub\\fullstackopen-course\\part5\\bloglist-frontend\\src\\main.jsx": {
		"path": "C:\\Users\\Reelin\\Documents\\GitHub\\fullstackopen-course\\part5\\bloglist-frontend\\src\\main.jsx",
		"all": true,
		"statementMap": {
			"0": {
				"start": { "line": 1, "column": 0 },
				"end": { "line": 1, "column": 39 }
			},
			"1": {
				"start": { "line": 2, "column": 0 },
				"end": { "line": 2, "column": 23 }
			},
			"3": {
				"start": { "line": 4, "column": 0 },
				"end": { "line": 4, "column": 68 }
			}
		},
		"s": { "0": 0, "1": 0, "3": 0 },
		"branchMap": {
			"0": {
				"type": "branch",
				"line": 1,
				"loc": {
					"start": { "line": 1, "column": 125 },
					"end": { "line": 4, "column": -26 }
				},
				"locations": [
					{
						"start": { "line": 1, "column": 125 },
						"end": { "line": 4, "column": -26 }
					}
				]
			}
		},
		"b": { "0": [0] },
		"fnMap": {
			"0": {
				"name": "(empty-report)",
				"decl": {
					"start": { "line": 1, "column": 125 },
					"end": { "line": 4, "column": -26 }
				},
				"loc": {
					"start": { "line": 1, "column": 125 },
					"end": { "line": 4, "column": -26 }
				},
				"line": 1
			}
		},
		"f": { "0": 0 }
	},
	"C:\\Users\\Reelin\\Documents\\GitHub\\fullstackopen-course\\part5\\bloglist-frontend\\src\\components\\Blog.jsx": {
		"path": "C:\\Users\\Reelin\\Documents\\GitHub\\fullstackopen-course\\part5\\bloglist-frontend\\src\\components\\Blog.jsx",
		"all": false,
		"statementMap": {
			"0": {
				"start": { "line": 1, "column": 0 },
				"end": { "line": 1, "column": 21 }
			},
			"1": {
				"start": { "line": 2, "column": 0 },
				"end": { "line": 2, "column": 43 }
			},
			"2": {
				"start": { "line": 3, "column": 0 },
				"end": { "line": 3, "column": 34 }
			},
			"4": {
				"start": { "line": 5, "column": 0 },
				"end": { "line": 5, "column": 53 }
			},
			"5": {
				"start": { "line": 6, "column": 0 },
				"end": { "line": 6, "column": 34 }
			},
			"6": {
				"start": { "line": 7, "column": 0 },
				"end": { "line": 7, "column": 55 }
			},
			"7": {
				"start": { "line": 8, "column": 0 },
				"end": { "line": 8, "column": 28 }
			},
			"8": {
				"start": { "line": 9, "column": 0 },
				"end": { "line": 9, "column": 63 }
			},
			"9": {
				"start": { "line": 10, "column": 0 },
				"end": { "line": 10, "column": 3 }
			},
			"11": {
				"start": { "line": 12, "column": 0 },
				"end": { "line": 12, "column": 10 }
			},
			"12": {
				"start": { "line": 13, "column": 0 },
				"end": { "line": 13, "column": 6 }
			},
			"13": {
				"start": { "line": 14, "column": 0 },
				"end": { "line": 14, "column": 45 }
			},
			"14": {
				"start": { "line": 15, "column": 0 },
				"end": { "line": 15, "column": 50 }
			},
			"15": {
				"start": { "line": 16, "column": 0 },
				"end": { "line": 16, "column": 35 }
			},
			"16": {
				"start": { "line": 17, "column": 0 },
				"end": { "line": 17, "column": 37 }
			},
			"17": {
				"start": { "line": 18, "column": 0 },
				"end": { "line": 18, "column": 54 }
			},
			"18": {
				"start": { "line": 19, "column": 0 },
				"end": { "line": 19, "column": 49 }
			},
			"19": {
				"start": { "line": 20, "column": 0 },
				"end": { "line": 20, "column": 7 }
			},
			"21": {
				"start": { "line": 22, "column": 0 },
				"end": { "line": 22, "column": 1 }
			},
			"23": {
				"start": { "line": 24, "column": 0 },
				"end": { "line": 24, "column": 18 }
			},
			"24": {
				"start": { "line": 25, "column": 0 },
				"end": { "line": 25, "column": 36 }
			},
			"25": {
				"start": { "line": 26, "column": 0 },
				"end": { "line": 26, "column": 36 }
			},
			"26": {
				"start": { "line": 27, "column": 0 },
				"end": { "line": 27, "column": 36 }
			},
			"27": {
				"start": { "line": 28, "column": 0 },
				"end": { "line": 28, "column": 37 }
			},
			"28": {
				"start": { "line": 29, "column": 0 },
				"end": { "line": 29, "column": 1 }
			},
			"30": {
				"start": { "line": 31, "column": 0 },
				"end": { "line": 31, "column": 19 }
			}
		},
		"s": {
			"0": 1,
			"1": 1,
			"2": 1,
			"4": 1,
			"5": 3,
			"6": 2,
			"7": 2,
			"8": 2,
			"9": 2,
			"11": 3,
			"12": 3,
			"13": 3,
			"14": 3,
			"15": 3,
			"16": 3,
			"17": 3,
			"18": 3,
			"19": 3,
			"21": 3,
			"23": 1,
			"24": 1,
			"25": 1,
			"26": 1,
			"27": 1,
			"28": 1,
			"30": 1
		},
		"branchMap": {
			"0": {
				"type": "branch",
				"line": 5,
				"loc": {
					"start": { "line": 5, "column": 13 },
					"end": { "line": 22, "column": 1 }
				},
				"locations": [
					{
						"start": { "line": 5, "column": 13 },
						"end": { "line": 22, "column": 1 }
					}
				]
			},
			"1": {
				"type": "branch",
				"line": 19,
				"loc": {
					"start": { "line": 19, "column": 24 },
					"end": { "line": 19, "column": 42 }
				},
				"locations": [
					{
						"start": { "line": 19, "column": 24 },
						"end": { "line": 19, "column": 42 }
					}
				]
			},
			"2": {
				"type": "branch",
				"line": 6,
				"loc": {
					"start": { "line": 6, "column": 21 },
					"end": { "line": 10, "column": 3 }
				},
				"locations": [
					{
						"start": { "line": 6, "column": 21 },
						"end": { "line": 10, "column": 3 }
					}
				]
			},
			"3": {
				"type": "branch",
				"line": 9,
				"loc": {
					"start": { "line": 9, "column": 23 },
					"end": { "line": 9, "column": 61 }
				},
				"locations": [
					{
						"start": { "line": 9, "column": 23 },
						"end": { "line": 9, "column": 61 }
					}
				]
			},
			"4": {
				"type": "branch",
				"line": 9,
				"loc": {
					"start": { "line": 9, "column": 50 },
					"end": { "line": 9, "column": 61 }
				},
				"locations": [
					{
						"start": { "line": 9, "column": 50 },
						"end": { "line": 9, "column": 61 }
					}
				]
			}
		},
		"b": { "0": [3], "1": [0], "2": [2], "3": [2], "4": [0] },
		"fnMap": {
			"0": {
				"name": "Blog",
				"decl": {
					"start": { "line": 5, "column": 13 },
					"end": { "line": 22, "column": 1 }
				},
				"loc": {
					"start": { "line": 5, "column": 13 },
					"end": { "line": 22, "column": 1 }
				},
				"line": 5
			},
			"1": {
				"name": "handleLike",
				"decl": {
					"start": { "line": 6, "column": 21 },
					"end": { "line": 10, "column": 3 }
				},
				"loc": {
					"start": { "line": 6, "column": 21 },
					"end": { "line": 10, "column": 3 }
				},
				"line": 6
			}
		},
		"f": { "0": 3, "1": 2 }
	},
	"C:\\Users\\Reelin\\Documents\\GitHub\\fullstackopen-course\\part5\\bloglist-frontend\\src\\components\\CreateBlog.jsx": {
		"path": "C:\\Users\\Reelin\\Documents\\GitHub\\fullstackopen-course\\part5\\bloglist-frontend\\src\\components\\CreateBlog.jsx",
		"all": false,
		"statementMap": {
			"0": {
				"start": { "line": 1, "column": 0 },
				"end": { "line": 1, "column": 32 }
			},
			"1": {
				"start": { "line": 2, "column": 0 },
				"end": { "line": 2, "column": 43 }
			},
			"2": {
				"start": { "line": 3, "column": 0 },
				"end": { "line": 3, "column": 34 }
			},
			"4": {
				"start": { "line": 5, "column": 0 },
				"end": { "line": 5, "column": 64 }
			},
			"5": {
				"start": { "line": 6, "column": 0 },
				"end": { "line": 6, "column": 40 }
			},
			"6": {
				"start": { "line": 7, "column": 0 },
				"end": { "line": 7, "column": 42 }
			},
			"7": {
				"start": { "line": 8, "column": 0 },
				"end": { "line": 8, "column": 36 }
			},
			"9": {
				"start": { "line": 10, "column": 0 },
				"end": { "line": 10, "column": 39 }
			},
			"10": {
				"start": { "line": 11, "column": 0 },
				"end": { "line": 11, "column": 26 }
			},
			"11": {
				"start": { "line": 12, "column": 0 },
				"end": { "line": 12, "column": 44 }
			},
			"12": {
				"start": { "line": 13, "column": 0 },
				"end": { "line": 13, "column": 59 }
			},
			"13": {
				"start": { "line": 14, "column": 0 },
				"end": { "line": 14, "column": 24 }
			},
			"14": {
				"start": { "line": 15, "column": 0 },
				"end": { "line": 15, "column": 42 }
			},
			"15": {
				"start": { "line": 16, "column": 0 },
				"end": { "line": 16, "column": 16 }
			},
			"16": {
				"start": { "line": 17, "column": 0 },
				"end": { "line": 17, "column": 17 }
			},
			"17": {
				"start": { "line": 18, "column": 0 },
				"end": { "line": 18, "column": 14 }
			},
			"18": {
				"start": { "line": 19, "column": 0 },
				"end": { "line": 19, "column": 56 }
			},
			"19": {
				"start": { "line": 20, "column": 0 },
				"end": { "line": 20, "column": 22 }
			},
			"20": {
				"start": { "line": 21, "column": 0 },
				"end": { "line": 21, "column": 22 }
			},
			"21": {
				"start": { "line": 22, "column": 0 },
				"end": { "line": 22, "column": 12 }
			},
			"22": {
				"start": { "line": 23, "column": 0 },
				"end": { "line": 23, "column": 3 }
			},
			"24": {
				"start": { "line": 25, "column": 0 },
				"end": { "line": 25, "column": 10 }
			},
			"25": {
				"start": { "line": 26, "column": 0 },
				"end": { "line": 26, "column": 9 }
			},
			"26": {
				"start": { "line": 27, "column": 0 },
				"end": { "line": 27, "column": 25 }
			},
			"27": {
				"start": { "line": 28, "column": 0 },
				"end": { "line": 28, "column": 34 }
			},
			"28": {
				"start": { "line": 29, "column": 0 },
				"end": { "line": 29, "column": 13 }
			},
			"30": {
				"start": { "line": 31, "column": 0 },
				"end": { "line": 31, "column": 16 }
			},
			"31": {
				"start": { "line": 32, "column": 0 },
				"end": { "line": 32, "column": 23 }
			},
			"32": {
				"start": { "line": 33, "column": 0 },
				"end": { "line": 33, "column": 25 }
			},
			"33": {
				"start": { "line": 34, "column": 0 },
				"end": { "line": 34, "column": 24 }
			},
			"34": {
				"start": { "line": 35, "column": 0 },
				"end": { "line": 35, "column": 61 }
			},
			"35": {
				"start": { "line": 36, "column": 0 },
				"end": { "line": 36, "column": 12 }
			},
			"36": {
				"start": { "line": 37, "column": 0 },
				"end": { "line": 37, "column": 14 }
			},
			"37": {
				"start": { "line": 38, "column": 0 },
				"end": { "line": 38, "column": 13 }
			},
			"39": {
				"start": { "line": 40, "column": 0 },
				"end": { "line": 40, "column": 16 }
			},
			"40": {
				"start": { "line": 41, "column": 0 },
				"end": { "line": 41, "column": 23 }
			},
			"41": {
				"start": { "line": 42, "column": 0 },
				"end": { "line": 42, "column": 26 }
			},
			"42": {
				"start": { "line": 43, "column": 0 },
				"end": { "line": 43, "column": 25 }
			},
			"43": {
				"start": { "line": 44, "column": 0 },
				"end": { "line": 44, "column": 62 }
			},
			"44": {
				"start": { "line": 45, "column": 0 },
				"end": { "line": 45, "column": 12 }
			},
			"45": {
				"start": { "line": 46, "column": 0 },
				"end": { "line": 46, "column": 14 }
			},
			"46": {
				"start": { "line": 47, "column": 0 },
				"end": { "line": 47, "column": 13 }
			},
			"48": {
				"start": { "line": 49, "column": 0 },
				"end": { "line": 49, "column": 16 }
			},
			"49": {
				"start": { "line": 50, "column": 0 },
				"end": { "line": 50, "column": 23 }
			},
			"50": {
				"start": { "line": 51, "column": 0 },
				"end": { "line": 51, "column": 23 }
			},
			"51": {
				"start": { "line": 52, "column": 0 },
				"end": { "line": 52, "column": 22 }
			},
			"52": {
				"start": { "line": 53, "column": 0 },
				"end": { "line": 53, "column": 59 }
			},
			"53": {
				"start": { "line": 54, "column": 0 },
				"end": { "line": 54, "column": 12 }
			},
			"54": {
				"start": { "line": 55, "column": 0 },
				"end": { "line": 55, "column": 14 }
			},
			"55": {
				"start": { "line": 56, "column": 0 },
				"end": { "line": 56, "column": 45 }
			},
			"56": {
				"start": { "line": 57, "column": 0 },
				"end": { "line": 57, "column": 13 }
			},
			"57": {
				"start": { "line": 58, "column": 0 },
				"end": { "line": 58, "column": 10 }
			},
			"59": {
				"start": { "line": 60, "column": 0 },
				"end": { "line": 60, "column": 1 }
			},
			"61": {
				"start": { "line": 62, "column": 0 },
				"end": { "line": 62, "column": 24 }
			},
			"62": {
				"start": { "line": 63, "column": 0 },
				"end": { "line": 63, "column": 37 }
			},
			"63": {
				"start": { "line": 64, "column": 0 },
				"end": { "line": 64, "column": 40 }
			},
			"64": {
				"start": { "line": 65, "column": 0 },
				"end": { "line": 65, "column": 42 }
			},
			"65": {
				"start": { "line": 66, "column": 0 },
				"end": { "line": 66, "column": 1 }
			},
			"67": {
				"start": { "line": 68, "column": 0 },
				"end": { "line": 68, "column": 25 }
			}
		},
		"s": {
			"0": 1,
			"1": 1,
			"2": 1,
			"4": 1,
			"5": 37,
			"6": 37,
			"7": 37,
			"9": 37,
			"10": 1,
			"11": 1,
			"12": 1,
			"13": 1,
			"14": 1,
			"15": 1,
			"16": 1,
			"17": 1,
			"18": 1,
			"19": 1,
			"20": 0,
			"21": 1,
			"22": 1,
			"24": 37,
			"25": 37,
			"26": 37,
			"27": 37,
			"28": 37,
			"30": 37,
			"31": 37,
			"32": 37,
			"33": 37,
			"34": 37,
			"35": 37,
			"36": 37,
			"37": 37,
			"39": 37,
			"40": 37,
			"41": 37,
			"42": 37,
			"43": 37,
			"44": 37,
			"45": 37,
			"46": 37,
			"48": 37,
			"49": 37,
			"50": 37,
			"51": 37,
			"52": 37,
			"53": 37,
			"54": 37,
			"55": 37,
			"56": 37,
			"57": 37,
			"59": 37,
			"61": 1,
			"62": 1,
			"63": 1,
			"64": 1,
			"65": 1,
			"67": 1
		},
		"branchMap": {
			"0": {
				"type": "branch",
				"line": 5,
				"loc": {
					"start": { "line": 5, "column": 19 },
					"end": { "line": 60, "column": 1 }
				},
				"locations": [
					{
						"start": { "line": 5, "column": 19 },
						"end": { "line": 60, "column": 1 }
					}
				]
			},
			"1": {
				"type": "branch",
				"line": 10,
				"loc": {
					"start": { "line": 10, "column": 21 },
					"end": { "line": 23, "column": 3 }
				},
				"locations": [
					{
						"start": { "line": 10, "column": 21 },
						"end": { "line": 23, "column": 3 }
					}
				]
			},
			"2": {
				"type": "branch",
				"line": 35,
				"loc": {
					"start": { "line": 35, "column": 22 },
					"end": { "line": 35, "column": 61 }
				},
				"locations": [
					{
						"start": { "line": 35, "column": 22 },
						"end": { "line": 35, "column": 61 }
					}
				]
			},
			"3": {
				"type": "branch",
				"line": 44,
				"loc": {
					"start": { "line": 44, "column": 22 },
					"end": { "line": 44, "column": 62 }
				},
				"locations": [
					{
						"start": { "line": 44, "column": 22 },
						"end": { "line": 44, "column": 62 }
					}
				]
			},
			"4": {
				"type": "branch",
				"line": 53,
				"loc": {
					"start": { "line": 53, "column": 22 },
					"end": { "line": 53, "column": 59 }
				},
				"locations": [
					{
						"start": { "line": 53, "column": 22 },
						"end": { "line": 53, "column": 59 }
					}
				]
			}
		},
		"b": { "0": [37], "1": [1], "2": [12], "3": [13], "4": [10] },
		"fnMap": {
			"0": {
				"name": "CreateBlog",
				"decl": {
					"start": { "line": 5, "column": 19 },
					"end": { "line": 60, "column": 1 }
				},
				"loc": {
					"start": { "line": 5, "column": 19 },
					"end": { "line": 60, "column": 1 }
				},
				"line": 5
			},
			"1": {
				"name": "createBlog",
				"decl": {
					"start": { "line": 10, "column": 21 },
					"end": { "line": 23, "column": 3 }
				},
				"loc": {
					"start": { "line": 10, "column": 21 },
					"end": { "line": 23, "column": 3 }
				},
				"line": 10
			},
			"2": {
				"name": "onChange",
				"decl": {
					"start": { "line": 35, "column": 22 },
					"end": { "line": 35, "column": 61 }
				},
				"loc": {
					"start": { "line": 35, "column": 22 },
					"end": { "line": 35, "column": 61 }
				},
				"line": 35
			},
			"3": {
				"name": "onChange",
				"decl": {
					"start": { "line": 44, "column": 22 },
					"end": { "line": 44, "column": 62 }
				},
				"loc": {
					"start": { "line": 44, "column": 22 },
					"end": { "line": 44, "column": 62 }
				},
				"line": 44
			},
			"4": {
				"name": "onChange",
				"decl": {
					"start": { "line": 53, "column": 22 },
					"end": { "line": 53, "column": 59 }
				},
				"loc": {
					"start": { "line": 53, "column": 22 },
					"end": { "line": 53, "column": 59 }
				},
				"line": 53
			}
		},
		"f": { "0": 37, "1": 1, "2": 12, "3": 13, "4": 10 }
	},
	"C:\\Users\\Reelin\\Documents\\GitHub\\fullstackopen-course\\part5\\bloglist-frontend\\src\\components\\ExpandBlog.jsx": {
		"path": "C:\\Users\\Reelin\\Documents\\GitHub\\fullstackopen-course\\part5\\bloglist-frontend\\src\\components\\ExpandBlog.jsx",
		"all": false,
		"statementMap": {
			"0": {
				"start": { "line": 1, "column": 0 },
				"end": { "line": 1, "column": 65 }
			},
			"1": {
				"start": { "line": 2, "column": 0 },
				"end": { "line": 2, "column": 34 }
			},
			"3": {
				"start": { "line": 4, "column": 0 },
				"end": { "line": 4, "column": 30 }
			},
			"4": {
				"start": { "line": 5, "column": 0 },
				"end": { "line": 5, "column": 32 }
			},
			"6": {
				"start": { "line": 7, "column": 0 },
				"end": { "line": 7, "column": 49 }
			},
			"8": {
				"start": { "line": 9, "column": 0 },
				"end": { "line": 9, "column": 36 }
			},
			"9": {
				"start": { "line": 10, "column": 0 },
				"end": { "line": 10, "column": 26 }
			},
			"10": {
				"start": { "line": 11, "column": 0 },
				"end": { "line": 11, "column": 5 }
			},
			"12": {
				"start": { "line": 13, "column": 0 },
				"end": { "line": 13, "column": 37 }
			},
			"13": {
				"start": { "line": 14, "column": 0 },
				"end": { "line": 14, "column": 22 }
			},
			"14": {
				"start": { "line": 15, "column": 0 },
				"end": { "line": 15, "column": 7 }
			},
			"16": {
				"start": { "line": 17, "column": 0 },
				"end": { "line": 17, "column": 12 }
			},
			"17": {
				"start": { "line": 18, "column": 0 },
				"end": { "line": 18, "column": 8 }
			},
			"18": {
				"start": { "line": 19, "column": 0 },
				"end": { "line": 19, "column": 57 }
			},
			"19": {
				"start": { "line": 20, "column": 0 },
				"end": { "line": 20, "column": 49 }
			},
			"20": {
				"start": { "line": 21, "column": 0 },
				"end": { "line": 21, "column": 58 }
			},
			"21": {
				"start": { "line": 22, "column": 0 },
				"end": { "line": 22, "column": 15 }
			},
			"23": {
				"start": { "line": 24, "column": 0 },
				"end": { "line": 24, "column": 57 }
			},
			"24": {
				"start": { "line": 25, "column": 0 },
				"end": { "line": 25, "column": 20 }
			},
			"25": {
				"start": { "line": 26, "column": 0 },
				"end": { "line": 26, "column": 15 }
			},
			"26": {
				"start": { "line": 27, "column": 0 },
				"end": { "line": 27, "column": 9 }
			},
			"28": {
				"start": { "line": 29, "column": 0 },
				"end": { "line": 29, "column": 3 }
			},
			"29": {
				"start": { "line": 30, "column": 0 },
				"end": { "line": 30, "column": 1 }
			},
			"31": {
				"start": { "line": 32, "column": 0 },
				"end": { "line": 32, "column": 24 }
			},
			"32": {
				"start": { "line": 33, "column": 0 },
				"end": { "line": 33, "column": 35 }
			},
			"33": {
				"start": { "line": 34, "column": 0 },
				"end": { "line": 34, "column": 1 }
			},
			"35": {
				"start": { "line": 36, "column": 0 },
				"end": { "line": 36, "column": 37 }
			},
			"37": {
				"start": { "line": 38, "column": 0 },
				"end": { "line": 38, "column": 25 }
			}
		},
		"s": {
			"0": 1,
			"1": 1,
			"3": 1,
			"4": 1,
			"6": 5,
			"8": 5,
			"9": 2,
			"10": 2,
			"12": 5,
			"13": 0,
			"14": 5,
			"16": 5,
			"17": 5,
			"18": 5,
			"19": 5,
			"20": 5,
			"21": 5,
			"23": 5,
			"24": 5,
			"25": 5,
			"26": 5,
			"28": 5,
			"29": 1,
			"31": 1,
			"32": 1,
			"33": 1,
			"35": 1,
			"37": 1
		},
		"branchMap": {
			"0": {
				"type": "branch",
				"line": 5,
				"loc": {
					"start": { "line": 5, "column": 2 },
					"end": { "line": 29, "column": 3 }
				},
				"locations": [
					{
						"start": { "line": 5, "column": 2 },
						"end": { "line": 29, "column": 3 }
					}
				]
			},
			"1": {
				"type": "branch",
				"line": 19,
				"loc": {
					"start": { "line": 19, "column": 32 },
					"end": { "line": 19, "column": 51 }
				},
				"locations": [
					{
						"start": { "line": 19, "column": 32 },
						"end": { "line": 19, "column": 51 }
					}
				]
			},
			"2": {
				"type": "branch",
				"line": 19,
				"loc": {
					"start": { "line": 19, "column": 42 },
					"end": { "line": 19, "column": 54 }
				},
				"locations": [
					{
						"start": { "line": 19, "column": 42 },
						"end": { "line": 19, "column": 54 }
					}
				]
			},
			"3": {
				"type": "branch",
				"line": 24,
				"loc": {
					"start": { "line": 24, "column": 32 },
					"end": { "line": 24, "column": 47 }
				},
				"locations": [
					{
						"start": { "line": 24, "column": 32 },
						"end": { "line": 24, "column": 47 }
					}
				]
			},
			"4": {
				"type": "branch",
				"line": 24,
				"loc": {
					"start": { "line": 24, "column": 42 },
					"end": { "line": 24, "column": 54 }
				},
				"locations": [
					{
						"start": { "line": 24, "column": 42 },
						"end": { "line": 24, "column": 54 }
					}
				]
			},
			"5": {
				"type": "branch",
				"line": 9,
				"loc": {
					"start": { "line": 9, "column": 29 },
					"end": { "line": 11, "column": 5 }
				},
				"locations": [
					{
						"start": { "line": 9, "column": 29 },
						"end": { "line": 11, "column": 5 }
					}
				]
			}
		},
		"b": { "0": [5], "1": [2], "2": [3], "3": [2], "4": [3], "5": [2] },
		"fnMap": {
			"0": {
				"name": "toggleVisibility",
				"decl": {
					"start": { "line": 9, "column": 29 },
					"end": { "line": 11, "column": 5 }
				},
				"loc": {
					"start": { "line": 9, "column": 29 },
					"end": { "line": 11, "column": 5 }
				},
				"line": 9
			}
		},
		"f": { "0": 2 }
	},
	"C:\\Users\\Reelin\\Documents\\GitHub\\fullstackopen-course\\part5\\bloglist-frontend\\src\\components\\LogIn.jsx": {
		"path": "C:\\Users\\Reelin\\Documents\\GitHub\\fullstackopen-course\\part5\\bloglist-frontend\\src\\components\\LogIn.jsx",
		"all": true,
		"statementMap": {
			"0": {
				"start": { "line": 1, "column": 0 },
				"end": { "line": 1, "column": 32 }
			},
			"1": {
				"start": { "line": 2, "column": 0 },
				"end": { "line": 2, "column": 44 }
			},
			"2": {
				"start": { "line": 3, "column": 0 },
				"end": { "line": 3, "column": 43 }
			},
			"3": {
				"start": { "line": 4, "column": 0 },
				"end": { "line": 4, "column": 41 }
			},
			"4": {
				"start": { "line": 5, "column": 0 },
				"end": { "line": 5, "column": 34 }
			},
			"6": {
				"start": { "line": 7, "column": 0 },
				"end": { "line": 7, "column": 53 }
			},
			"7": {
				"start": { "line": 8, "column": 0 },
				"end": { "line": 8, "column": 46 }
			},
			"8": {
				"start": { "line": 9, "column": 0 },
				"end": { "line": 9, "column": 46 }
			},
			"10": {
				"start": { "line": 11, "column": 0 },
				"end": { "line": 11, "column": 40 }
			},
			"11": {
				"start": { "line": 12, "column": 0 },
				"end": { "line": 12, "column": 26 }
			},
			"13": {
				"start": { "line": 14, "column": 0 },
				"end": { "line": 14, "column": 9 }
			},
			"14": {
				"start": { "line": 15, "column": 0 },
				"end": { "line": 15, "column": 45 }
			},
			"15": {
				"start": { "line": 16, "column": 0 },
				"end": { "line": 16, "column": 27 }
			},
			"16": {
				"start": { "line": 17, "column": 0 },
				"end": { "line": 17, "column": 8 }
			},
			"18": {
				"start": { "line": 19, "column": 0 },
				"end": { "line": 19, "column": 34 }
			},
			"19": {
				"start": { "line": 20, "column": 0 },
				"end": { "line": 20, "column": 49 }
			},
			"20": {
				"start": { "line": 21, "column": 0 },
				"end": { "line": 21, "column": 7 }
			},
			"21": {
				"start": { "line": 22, "column": 0 },
				"end": { "line": 22, "column": 19 }
			},
			"22": {
				"start": { "line": 23, "column": 0 },
				"end": { "line": 23, "column": 38 }
			},
			"23": {
				"start": { "line": 24, "column": 0 },
				"end": { "line": 24, "column": 21 }
			},
			"24": {
				"start": { "line": 25, "column": 0 },
				"end": { "line": 25, "column": 21 }
			},
			"25": {
				"start": { "line": 26, "column": 0 },
				"end": { "line": 26, "column": 25 }
			},
			"26": {
				"start": { "line": 27, "column": 0 },
				"end": { "line": 27, "column": 46 }
			},
			"27": {
				"start": { "line": 28, "column": 0 },
				"end": { "line": 28, "column": 24 }
			},
			"28": {
				"start": { "line": 29, "column": 0 },
				"end": { "line": 29, "column": 24 }
			},
			"29": {
				"start": { "line": 30, "column": 0 },
				"end": { "line": 30, "column": 14 }
			},
			"30": {
				"start": { "line": 31, "column": 0 },
				"end": { "line": 31, "column": 5 }
			},
			"31": {
				"start": { "line": 32, "column": 0 },
				"end": { "line": 32, "column": 3 }
			},
			"33": {
				"start": { "line": 34, "column": 0 },
				"end": { "line": 34, "column": 10 }
			},
			"34": {
				"start": { "line": 35, "column": 0 },
				"end": { "line": 35, "column": 9 }
			},
			"35": {
				"start": { "line": 36, "column": 0 },
				"end": { "line": 36, "column": 36 }
			},
			"36": {
				"start": { "line": 37, "column": 0 },
				"end": { "line": 37, "column": 39 }
			},
			"37": {
				"start": { "line": 38, "column": 0 },
				"end": { "line": 38, "column": 35 }
			},
			"38": {
				"start": { "line": 39, "column": 0 },
				"end": { "line": 39, "column": 13 }
			},
			"40": {
				"start": { "line": 41, "column": 0 },
				"end": { "line": 41, "column": 16 }
			},
			"41": {
				"start": { "line": 42, "column": 0 },
				"end": { "line": 42, "column": 23 }
			},
			"42": {
				"start": { "line": 43, "column": 0 },
				"end": { "line": 43, "column": 28 }
			},
			"43": {
				"start": { "line": 44, "column": 0 },
				"end": { "line": 44, "column": 27 }
			},
			"44": {
				"start": { "line": 45, "column": 0 },
				"end": { "line": 45, "column": 64 }
			},
			"45": {
				"start": { "line": 46, "column": 0 },
				"end": { "line": 46, "column": 12 }
			},
			"46": {
				"start": { "line": 47, "column": 0 },
				"end": { "line": 47, "column": 14 }
			},
			"47": {
				"start": { "line": 48, "column": 0 },
				"end": { "line": 48, "column": 13 }
			},
			"49": {
				"start": { "line": 50, "column": 0 },
				"end": { "line": 50, "column": 16 }
			},
			"50": {
				"start": { "line": 51, "column": 0 },
				"end": { "line": 51, "column": 27 }
			},
			"51": {
				"start": { "line": 52, "column": 0 },
				"end": { "line": 52, "column": 28 }
			},
			"52": {
				"start": { "line": 53, "column": 0 },
				"end": { "line": 53, "column": 27 }
			},
			"53": {
				"start": { "line": 54, "column": 0 },
				"end": { "line": 54, "column": 64 }
			},
			"54": {
				"start": { "line": 55, "column": 0 },
				"end": { "line": 55, "column": 12 }
			},
			"55": {
				"start": { "line": 56, "column": 0 },
				"end": { "line": 56, "column": 14 }
			},
			"56": {
				"start": { "line": 57, "column": 0 },
				"end": { "line": 57, "column": 44 }
			},
			"57": {
				"start": { "line": 58, "column": 0 },
				"end": { "line": 58, "column": 13 }
			},
			"58": {
				"start": { "line": 59, "column": 0 },
				"end": { "line": 59, "column": 10 }
			},
			"60": {
				"start": { "line": 61, "column": 0 },
				"end": { "line": 61, "column": 1 }
			},
			"62": {
				"start": { "line": 63, "column": 0 },
				"end": { "line": 63, "column": 19 }
			},
			"63": {
				"start": { "line": 64, "column": 0 },
				"end": { "line": 64, "column": 37 }
			},
			"64": {
				"start": { "line": 65, "column": 0 },
				"end": { "line": 65, "column": 39 }
			},
			"65": {
				"start": { "line": 66, "column": 0 },
				"end": { "line": 66, "column": 1 }
			},
			"67": {
				"start": { "line": 68, "column": 0 },
				"end": { "line": 68, "column": 20 }
			}
		},
		"s": {
			"0": 0,
			"1": 0,
			"2": 0,
			"3": 0,
			"4": 0,
			"6": 0,
			"7": 0,
			"8": 0,
			"10": 0,
			"11": 0,
			"13": 0,
			"14": 0,
			"15": 0,
			"16": 0,
			"18": 0,
			"19": 0,
			"20": 0,
			"21": 0,
			"22": 0,
			"23": 0,
			"24": 0,
			"25": 0,
			"26": 0,
			"27": 0,
			"28": 0,
			"29": 0,
			"30": 0,
			"31": 0,
			"33": 0,
			"34": 0,
			"35": 0,
			"36": 0,
			"37": 0,
			"38": 0,
			"40": 0,
			"41": 0,
			"42": 0,
			"43": 0,
			"44": 0,
			"45": 0,
			"46": 0,
			"47": 0,
			"49": 0,
			"50": 0,
			"51": 0,
			"52": 0,
			"53": 0,
			"54": 0,
			"55": 0,
			"56": 0,
			"57": 0,
			"58": 0,
			"60": 0,
			"62": 0,
			"63": 0,
			"64": 0,
			"65": 0,
			"67": 0
		},
		"branchMap": {
			"0": {
				"type": "branch",
				"line": 1,
				"loc": {
					"start": { "line": 1, "column": 1641 },
					"end": { "line": 68, "column": 20 }
				},
				"locations": [
					{
						"start": { "line": 1, "column": 1641 },
						"end": { "line": 68, "column": 20 }
					}
				]
			}
		},
		"b": { "0": [0] },
		"fnMap": {
			"0": {
				"name": "(empty-report)",
				"decl": {
					"start": { "line": 1, "column": 1641 },
					"end": { "line": 68, "column": 20 }
				},
				"loc": {
					"start": { "line": 1, "column": 1641 },
					"end": { "line": 68, "column": 20 }
				},
				"line": 1
			}
		},
		"f": { "0": 0 }
	},
	"C:\\Users\\Reelin\\Documents\\GitHub\\fullstackopen-course\\part5\\bloglist-frontend\\src\\components\\Notification.jsx": {
		"path": "C:\\Users\\Reelin\\Documents\\GitHub\\fullstackopen-course\\part5\\bloglist-frontend\\src\\components\\Notification.jsx",
		"all": true,
		"statementMap": {
			"0": {
				"start": { "line": 1, "column": 0 },
				"end": { "line": 1, "column": 21 }
			},
			"2": {
				"start": { "line": 3, "column": 0 },
				"end": { "line": 3, "column": 39 }
			},
			"3": {
				"start": { "line": 4, "column": 0 },
				"end": { "line": 4, "column": 25 }
			},
			"4": {
				"start": { "line": 5, "column": 0 },
				"end": { "line": 5, "column": 15 }
			},
			"5": {
				"start": { "line": 6, "column": 0 },
				"end": { "line": 6, "column": 3 }
			},
			"7": {
				"start": { "line": 8, "column": 0 },
				"end": { "line": 8, "column": 33 }
			},
			"8": {
				"start": { "line": 9, "column": 0 },
				"end": { "line": 9, "column": 12 }
			},
			"9": {
				"start": { "line": 10, "column": 0 },
				"end": { "line": 10, "column": 53 }
			},
			"10": {
				"start": { "line": 11, "column": 0 },
				"end": { "line": 11, "column": 17 }
			},
			"11": {
				"start": { "line": 12, "column": 0 },
				"end": { "line": 12, "column": 12 }
			},
			"13": {
				"start": { "line": 14, "column": 0 },
				"end": { "line": 14, "column": 10 }
			},
			"14": {
				"start": { "line": 15, "column": 0 },
				"end": { "line": 15, "column": 12 }
			},
			"15": {
				"start": { "line": 16, "column": 0 },
				"end": { "line": 16, "column": 28 }
			},
			"16": {
				"start": { "line": 17, "column": 0 },
				"end": { "line": 17, "column": 17 }
			},
			"17": {
				"start": { "line": 18, "column": 0 },
				"end": { "line": 18, "column": 12 }
			},
			"19": {
				"start": { "line": 20, "column": 0 },
				"end": { "line": 20, "column": 3 }
			},
			"20": {
				"start": { "line": 21, "column": 0 },
				"end": { "line": 21, "column": 1 }
			},
			"22": {
				"start": { "line": 23, "column": 0 },
				"end": { "line": 23, "column": 27 }
			}
		},
		"s": {
			"0": 0,
			"2": 0,
			"3": 0,
			"4": 0,
			"5": 0,
			"7": 0,
			"8": 0,
			"9": 0,
			"10": 0,
			"11": 0,
			"13": 0,
			"14": 0,
			"15": 0,
			"16": 0,
			"17": 0,
			"19": 0,
			"20": 0,
			"22": 0
		},
		"branchMap": {
			"0": {
				"type": "branch",
				"line": 1,
				"loc": {
					"start": { "line": 1, "column": 372 },
					"end": { "line": 23, "column": 27 }
				},
				"locations": [
					{
						"start": { "line": 1, "column": 372 },
						"end": { "line": 23, "column": 27 }
					}
				]
			}
		},
		"b": { "0": [0] },
		"fnMap": {
			"0": {
				"name": "(empty-report)",
				"decl": {
					"start": { "line": 1, "column": 372 },
					"end": { "line": 23, "column": 27 }
				},
				"loc": {
					"start": { "line": 1, "column": 372 },
					"end": { "line": 23, "column": 27 }
				},
				"line": 1
			}
		},
		"f": { "0": 0 }
	},
	"C:\\Users\\Reelin\\Documents\\GitHub\\fullstackopen-course\\part5\\bloglist-frontend\\src\\components\\Togglable.jsx": {
		"path": "C:\\Users\\Reelin\\Documents\\GitHub\\fullstackopen-course\\part5\\bloglist-frontend\\src\\components\\Togglable.jsx",
		"all": true,
		"statementMap": {
			"0": {
				"start": { "line": 1, "column": 0 },
				"end": { "line": 1, "column": 65 }
			},
			"2": {
				"start": { "line": 3, "column": 0 },
				"end": { "line": 3, "column": 29 }
			},
			"3": {
				"start": { "line": 4, "column": 0 },
				"end": { "line": 4, "column": 26 }
			},
			"5": {
				"start": { "line": 6, "column": 0 },
				"end": { "line": 6, "column": 49 }
			},
			"7": {
				"start": { "line": 8, "column": 0 },
				"end": { "line": 8, "column": 36 }
			},
			"8": {
				"start": { "line": 9, "column": 0 },
				"end": { "line": 9, "column": 26 }
			},
			"9": {
				"start": { "line": 10, "column": 0 },
				"end": { "line": 10, "column": 5 }
			},
			"11": {
				"start": { "line": 12, "column": 0 },
				"end": { "line": 12, "column": 37 }
			},
			"12": {
				"start": { "line": 13, "column": 0 },
				"end": { "line": 13, "column": 22 }
			},
			"13": {
				"start": { "line": 14, "column": 0 },
				"end": { "line": 14, "column": 7 }
			},
			"15": {
				"start": { "line": 16, "column": 0 },
				"end": { "line": 16, "column": 12 }
			},
			"16": {
				"start": { "line": 17, "column": 0 },
				"end": { "line": 17, "column": 8 }
			},
			"17": {
				"start": { "line": 18, "column": 0 },
				"end": { "line": 18, "column": 57 }
			},
			"18": {
				"start": { "line": 19, "column": 0 },
				"end": { "line": 19, "column": 69 }
			},
			"19": {
				"start": { "line": 20, "column": 0 },
				"end": { "line": 20, "column": 15 }
			},
			"21": {
				"start": { "line": 22, "column": 0 },
				"end": { "line": 22, "column": 57 }
			},
			"22": {
				"start": { "line": 23, "column": 0 },
				"end": { "line": 23, "column": 20 }
			},
			"23": {
				"start": { "line": 24, "column": 0 },
				"end": { "line": 24, "column": 60 }
			},
			"24": {
				"start": { "line": 25, "column": 0 },
				"end": { "line": 25, "column": 15 }
			},
			"25": {
				"start": { "line": 26, "column": 0 },
				"end": { "line": 26, "column": 9 }
			},
			"27": {
				"start": { "line": 28, "column": 0 },
				"end": { "line": 28, "column": 3 }
			},
			"28": {
				"start": { "line": 29, "column": 0 },
				"end": { "line": 29, "column": 1 }
			},
			"30": {
				"start": { "line": 31, "column": 0 },
				"end": { "line": 31, "column": 35 }
			},
			"32": {
				"start": { "line": 33, "column": 0 },
				"end": { "line": 33, "column": 24 }
			}
		},
		"s": {
			"0": 0,
			"2": 0,
			"3": 0,
			"5": 0,
			"7": 0,
			"8": 0,
			"9": 0,
			"11": 0,
			"12": 0,
			"13": 0,
			"15": 0,
			"16": 0,
			"17": 0,
			"18": 0,
			"19": 0,
			"21": 0,
			"22": 0,
			"23": 0,
			"24": 0,
			"25": 0,
			"27": 0,
			"28": 0,
			"30": 0,
			"32": 0
		},
		"branchMap": {
			"0": {
				"type": "branch",
				"line": 1,
				"loc": {
					"start": { "line": 1, "column": 724 },
					"end": { "line": 33, "column": 24 }
				},
				"locations": [
					{
						"start": { "line": 1, "column": 724 },
						"end": { "line": 33, "column": 24 }
					}
				]
			}
		},
		"b": { "0": [0] },
		"fnMap": {
			"0": {
				"name": "(empty-report)",
				"decl": {
					"start": { "line": 1, "column": 724 },
					"end": { "line": 33, "column": 24 }
				},
				"loc": {
					"start": { "line": 1, "column": 724 },
					"end": { "line": 33, "column": 24 }
				},
				"line": 1
			}
		},
		"f": { "0": 0 }
	},
	"C:\\Users\\Reelin\\Documents\\GitHub\\fullstackopen-course\\part5\\bloglist-frontend\\src\\services\\blogs.js": {
		"path": "C:\\Users\\Reelin\\Documents\\GitHub\\fullstackopen-course\\part5\\bloglist-frontend\\src\\services\\blogs.js",
		"all": false,
		"statementMap": {
			"0": {
				"start": { "line": 1, "column": 0 },
				"end": { "line": 1, "column": 48 }
			},
			"1": {
				"start": { "line": 2, "column": 0 },
				"end": { "line": 2, "column": 28 }
			},
			"3": {
				"start": { "line": 4, "column": 0 },
				"end": { "line": 4, "column": 16 }
			},
			"5": {
				"start": { "line": 6, "column": 0 },
				"end": { "line": 6, "column": 30 }
			},
			"6": {
				"start": { "line": 7, "column": 0 },
				"end": { "line": 7, "column": 30 }
			},
			"7": {
				"start": { "line": 8, "column": 0 },
				"end": { "line": 8, "column": 1 }
			},
			"9": {
				"start": { "line": 10, "column": 0 },
				"end": { "line": 10, "column": 22 }
			},
			"10": {
				"start": { "line": 11, "column": 0 },
				"end": { "line": 11, "column": 36 }
			},
			"11": {
				"start": { "line": 12, "column": 0 },
				"end": { "line": 12, "column": 48 }
			},
			"12": {
				"start": { "line": 13, "column": 0 },
				"end": { "line": 13, "column": 1 }
			},
			"14": {
				"start": { "line": 15, "column": 0 },
				"end": { "line": 15, "column": 35 }
			},
			"15": {
				"start": { "line": 16, "column": 0 },
				"end": { "line": 16, "column": 18 }
			},
			"16": {
				"start": { "line": 17, "column": 0 },
				"end": { "line": 17, "column": 38 }
			},
			"17": {
				"start": { "line": 18, "column": 0 },
				"end": { "line": 18, "column": 3 }
			},
			"19": {
				"start": { "line": 20, "column": 0 },
				"end": { "line": 20, "column": 63 }
			},
			"20": {
				"start": { "line": 21, "column": 0 },
				"end": { "line": 21, "column": 22 }
			},
			"21": {
				"start": { "line": 22, "column": 0 },
				"end": { "line": 22, "column": 1 }
			},
			"23": {
				"start": { "line": 24, "column": 0 },
				"end": { "line": 24, "column": 37 }
			},
			"24": {
				"start": { "line": 25, "column": 0 },
				"end": { "line": 25, "column": 23 }
			},
			"25": {
				"start": { "line": 26, "column": 0 },
				"end": { "line": 26, "column": 12 }
			},
			"26": {
				"start": { "line": 27, "column": 0 },
				"end": { "line": 27, "column": 25 }
			},
			"27": {
				"start": { "line": 28, "column": 0 },
				"end": { "line": 28, "column": 3 }
			},
			"29": {
				"start": { "line": 30, "column": 0 },
				"end": { "line": 30, "column": 72 }
			},
			"30": {
				"start": { "line": 31, "column": 0 },
				"end": { "line": 31, "column": 22 }
			},
			"31": {
				"start": { "line": 32, "column": 0 },
				"end": { "line": 32, "column": 1 }
			},
			"33": {
				"start": { "line": 34, "column": 0 },
				"end": { "line": 34, "column": 32 }
			},
			"34": {
				"start": { "line": 35, "column": 0 },
				"end": { "line": 35, "column": 18 }
			},
			"35": {
				"start": { "line": 36, "column": 0 },
				"end": { "line": 36, "column": 37 }
			},
			"36": {
				"start": { "line": 37, "column": 0 },
				"end": { "line": 37, "column": 3 }
			},
			"38": {
				"start": { "line": 39, "column": 0 },
				"end": { "line": 39, "column": 70 }
			},
			"39": {
				"start": { "line": 40, "column": 0 },
				"end": { "line": 40, "column": 22 }
			},
			"40": {
				"start": { "line": 41, "column": 0 },
				"end": { "line": 41, "column": 1 }
			},
			"42": {
				"start": { "line": 43, "column": 0 },
				"end": { "line": 43, "column": 64 }
			}
		},
		"s": {
			"0": 1,
			"1": 1,
			"3": 1,
			"5": 1,
			"6": 0,
			"7": 0,
			"9": 1,
			"10": 0,
			"11": 0,
			"12": 0,
			"14": 1,
			"15": 0,
			"16": 0,
			"17": 0,
			"19": 0,
			"20": 0,
			"21": 0,
			"23": 1,
			"24": 0,
			"25": 0,
			"26": 0,
			"27": 0,
			"29": 0,
			"30": 0,
			"31": 0,
			"33": 1,
			"34": 0,
			"35": 0,
			"36": 0,
			"38": 0,
			"39": 0,
			"40": 0,
			"42": 1
		},
		"branchMap": {},
		"b": {},
		"fnMap": {
			"0": {
				"name": "setToken",
				"decl": {
					"start": { "line": 6, "column": 17 },
					"end": { "line": 8, "column": 1 }
				},
				"loc": {
					"start": { "line": 6, "column": 17 },
					"end": { "line": 8, "column": 1 }
				},
				"line": 6
			},
			"1": {
				"name": "getAll",
				"decl": {
					"start": { "line": 10, "column": 15 },
					"end": { "line": 13, "column": 1 }
				},
				"loc": {
					"start": { "line": 10, "column": 15 },
					"end": { "line": 13, "column": 1 }
				},
				"line": 10
			},
			"2": {
				"name": "create",
				"decl": {
					"start": { "line": 15, "column": 15 },
					"end": { "line": 22, "column": 1 }
				},
				"loc": {
					"start": { "line": 15, "column": 15 },
					"end": { "line": 22, "column": 1 }
				},
				"line": 15
			},
			"3": {
				"name": "updateLikes",
				"decl": {
					"start": { "line": 24, "column": 20 },
					"end": { "line": 32, "column": 1 }
				},
				"loc": {
					"start": { "line": 24, "column": 20 },
					"end": { "line": 32, "column": 1 }
				},
				"line": 24
			},
			"4": {
				"name": "remove",
				"decl": {
					"start": { "line": 34, "column": 15 },
					"end": { "line": 41, "column": 1 }
				},
				"loc": {
					"start": { "line": 34, "column": 15 },
					"end": { "line": 41, "column": 1 }
				},
				"line": 34
			}
		},
		"f": { "0": 0, "1": 0, "2": 0, "3": 0, "4": 0 }
	},
	"C:\\Users\\Reelin\\Documents\\GitHub\\fullstackopen-course\\part5\\bloglist-frontend\\src\\services\\login.js": {
		"path": "C:\\Users\\Reelin\\Documents\\GitHub\\fullstackopen-course\\part5\\bloglist-frontend\\src\\services\\login.js",
		"all": true,
		"statementMap": {
			"0": {
				"start": { "line": 1, "column": 0 },
				"end": { "line": 1, "column": 25 }
			},
			"1": {
				"start": { "line": 2, "column": 0 },
				"end": { "line": 2, "column": 28 }
			},
			"3": {
				"start": { "line": 4, "column": 0 },
				"end": { "line": 4, "column": 36 }
			},
			"4": {
				"start": { "line": 5, "column": 0 },
				"end": { "line": 5, "column": 57 }
			},
			"5": {
				"start": { "line": 6, "column": 0 },
				"end": { "line": 6, "column": 22 }
			},
			"6": {
				"start": { "line": 7, "column": 0 },
				"end": { "line": 7, "column": 1 }
			},
			"8": {
				"start": { "line": 9, "column": 0 },
				"end": { "line": 9, "column": 24 }
			}
		},
		"s": { "0": 0, "1": 0, "3": 0, "4": 0, "5": 0, "6": 0, "8": 0 },
		"branchMap": {
			"0": {
				"type": "branch",
				"line": 1,
				"loc": {
					"start": { "line": 1, "column": 201 },
					"end": { "line": 9, "column": 24 }
				},
				"locations": [
					{
						"start": { "line": 1, "column": 201 },
						"end": { "line": 9, "column": 24 }
					}
				]
			}
		},
		"b": { "0": [0] },
		"fnMap": {
			"0": {
				"name": "(empty-report)",
				"decl": {
					"start": { "line": 1, "column": 201 },
					"end": { "line": 9, "column": 24 }
				},
				"loc": {
					"start": { "line": 1, "column": 201 },
					"end": { "line": 9, "column": 24 }
				},
				"line": 1
			}
		},
		"f": { "0": 0 }
	}
}
